<?xml version="1.0" encoding="UTF-8"?>
<testsuites>
  <testsuite id="0" name="/Users/hyunmin.choi/Library/CloudStorage/OneDrive-AxleInformatics/jest/math.test.js" errors="0" package="/Users/hyunmin.choi/Library/CloudStorage/OneDrive-AxleInformatics/jest/math.test.js" hostname="localhost" tests="4" failures="0" time="0.261" timestamp="2023-03-29T20:59:37">
    <properties>
    </properties>
    <testcase classname="Math.js tests" name="should test  add  " time="0">
    </testcase>
    <testcase classname="Math.js tests" name="Should test subtract" time="0">
    </testcase>
    <testcase classname="Math.js tests" name="Should test divide" time="0">
    </testcase>
    <testcase classname="Math.js tests" name="Should test multiply" time="0">
    </testcase>
    <system-out/>
    <system-err/>
  </testsuite>
</testsuites>